<?xml version="1.0"?>
<testsuite name="PhantomJS 2.1.1 (Windows 8.0.0)" package="unit" timestamp="2018-08-29T12:06:25" id="0" hostname="DESKTOP-8S00S96" tests="12" errors="0" failures="0" time="0">
  <properties>
    <property name="browser.fullName" value="Mozilla/5.0 (Windows NT 6.2; WOW64) AppleWebKit/538.1 (KHTML, like Gecko) PhantomJS/2.1.1 Safari/538.1"/>
  </properties>
  <testcase name="Unit: data validation Services data validation Service: should return null - HorizontalScroll" time="0" classname="PhantomJS_2_1_1_(Windows_8_0_0).unit.Unit: data validation Services"/>
  <testcase name="Unit: data validation Services data validation Service: should return null - HorizontalScroll" time="0" classname="PhantomJS_2_1_1_(Windows_8_0_0).unit.Unit: data validation Services"/>
  <testcase name="Unit: data validation Services data validation Service: should return -10 - HorizontalScroll" time="0" classname="PhantomJS_2_1_1_(Windows_8_0_0).unit.Unit: data validation Services"/>
  <testcase name="Unit: data validation Services data validation Service: should return 30 - HorizontalScroll" time="0" classname="PhantomJS_2_1_1_(Windows_8_0_0).unit.Unit: data validation Services"/>
  <testcase name="Unit: data validation Services data validation Service: should return null - HorizontalScroll" time="0" classname="PhantomJS_2_1_1_(Windows_8_0_0).unit.Unit: data validation Services"/>
  <testcase name="Unit: data validation Services data validation Service: should return 40 - HorizontalScroll" time="0" classname="PhantomJS_2_1_1_(Windows_8_0_0).unit.Unit: data validation Services"/>
  <testcase name="Unit: data validation Services data validation Service: should return 0 while body width bigger than 1000 - margin adjustment" time="0" classname="PhantomJS_2_1_1_(Windows_8_0_0).unit.Unit: data validation Services"/>
  <testcase name="Unit: data validation Services data validation Service: should return 0 while body width bigger than 1000 - margin adjustment" time="0" classname="PhantomJS_2_1_1_(Windows_8_0_0).unit.Unit: data validation Services"/>
  <testcase name="Unit: data validation Services data validation Service: should return 13 while body width less equal to 1000 but container width equal to 1000 - margin adjustment" time="0" classname="PhantomJS_2_1_1_(Windows_8_0_0).unit.Unit: data validation Services"/>
  <testcase name="Unit: data validation Services data validation Service: should return 13 while body width less equal to 1000 but container width equal to 1000 - margin adjustment" time="0" classname="PhantomJS_2_1_1_(Windows_8_0_0).unit.Unit: data validation Services"/>
  <testcase name="Unit: data validation Services data validation Service: should return 13 while body width less equal to 1000 but container width equal to 999 - margin adjustment" time="0" classname="PhantomJS_2_1_1_(Windows_8_0_0).unit.Unit: data validation Services"/>
  <testcase name="Unit: data validation Services data validation Service: should return 13 while body width less equal to 1000 but container width equal to 999 - margin adjustment" time="0" classname="PhantomJS_2_1_1_(Windows_8_0_0).unit.Unit: data validation Services"/>
  <system-out>
    <![CDATA[
]]>
  </system-out>
  <system-err/>
</testsuite>